<?xml version="1.0" encoding="UTF-8"?>
<testsuite xmlns:xsi="http://www.w3.org/2001/XMLSchema-instance" xsi:noNamespaceSchemaLocation="https://maven.apache.org/surefire/maven-surefire-plugin/xsd/surefire-test-report-3.0.xsd" version="3.0" name="TestSuite" time="111.012" tests="7" errors="0" skipped="0" failures="2">
  <properties>
[...]
</properties>
  <testcase name="createDocumentOption2[20-Day Preliminary Notice](1)" classname="Day1.DocumentCreateTest" time="10.201">
    <failure message="Unable to locate element: //a[text()=&apos;Create a Document &apos;]&#10;For documentation on this error, please visit: https://www.seleniumhq.org/exceptions/no_such_element.html&#10;Build info: version: &apos;3.141.59&apos;, revision: &apos;e82be7d358&apos;, time: &apos;2018-11-14T08:17:03&apos;&#10;System info: host: &apos;DESKTOP-P3IQV8A&apos;, ip: &apos;192.168.1.4&apos;, os.name: &apos;Windows 10&apos;, os.arch: &apos;amd64&apos;, os.version: &apos;10.0&apos;, java.version: &apos;1.8.0_271&apos;&#10;Driver info: org.openqa.selenium.firefox.FirefoxDriver&#10;Capabilities {acceptInsecureCerts: true, browserName: firefox, browserVersion: 88.0.1, javascriptEnabled: true, moz:accessibilityChecks: false, moz:buildID: 20210504152106, moz:geckodriverVersion: 0.29.0, moz:headless: false, moz:processID: 8632, moz:profile: C:\Users\salma\AppData\Loca..., moz:shutdownTimeout: 60000, moz:useNonSpecCompliantPointerOrigin: false, moz:webdriverClick: true, pageLoadStrategy: normal, platform: WINDOWS, platformName: WINDOWS, platformVersion: 10.0, rotatable: false, setWindowRect: true, strictFileInteractability: false, timeouts: {implicit: 0, pageLoad: 300000, script: 30000}, unhandledPromptBehavior: dismiss and notify}&#10;Session ID: 0b8603d5-58c1-45b9-891b-eaaf004e7725&#10;*** Element info: {Using=xpath, value=//a[text()=&apos;Create a Document &apos;]}" type="org.openqa.selenium.NoSuchElementException"><![CDATA[org.openqa.selenium.NoSuchElementException: 
Unable to locate element: //a[text()='Create a Document ']
For documentation on this error, please visit: https://www.seleniumhq.org/exceptions/no_such_element.html
Build info: version: '3.141.59', revision: 'e82be7d358', time: '2018-11-14T08:17:03'
System info: host: 'DESKTOP-P3IQV8A', ip: '192.168.1.4', os.name: 'Windows 10', os.arch: 'amd64', os.version: '10.0', java.version: '1.8.0_271'
Driver info: org.openqa.selenium.firefox.FirefoxDriver
Capabilities {acceptInsecureCerts: true, browserName: firefox, browserVersion: 88.0.1, javascriptEnabled: true, moz:accessibilityChecks: false, moz:buildID: 20210504152106, moz:geckodriverVersion: 0.29.0, moz:headless: false, moz:processID: 8632, moz:profile: C:\Users\salma\AppData\Loca..., moz:shutdownTimeout: 60000, moz:useNonSpecCompliantPointerOrigin: false, moz:webdriverClick: true, pageLoadStrategy: normal, platform: WINDOWS, platformName: WINDOWS, platformVersion: 10.0, rotatable: false, setWindowRect: true, strictFileInteractability: false, timeouts: {implicit: 0, pageLoad: 300000, script: 30000}, unhandledPromptBehavior: dismiss and notify}
Session ID: 0b8603d5-58c1-45b9-891b-eaaf004e7725
*** Element info: {Using=xpath, value=//a[text()='Create a Document ']}
	at Day1.DocumentCreateTest.createDocumentOption2(DocumentCreateTest.java:101)
]]></failure>
    <system-err><![CDATA[SLF4J: Failed to load class "org.slf4j.impl.StaticLoggerBinder".
SLF4J: Defaulting to no-operation (NOP) logger implementation
SLF4J: See http://www.slf4j.org/codes.html#StaticLoggerBinder for further details.
May 16, 2021 4:55:34 AM io.cucumber.core.runtime.FeaturePathFeatureSupplier get
WARNING: No features found at classpath:/Day1
May 16, 2021 4:55:34 AM io.cucumber.core.runtime.FeaturePathFeatureSupplier get
WARNING: No features found at classpath:/Day1
1621133735691	geckodriver	INFO	Listening on 127.0.0.1:22701
Starting ChromeDriver 90.0.4430.24 (4c6d850f087da467d926e8eddb76550aed655991-refs/branch-heads/4430@{#429}) on port 43979
Only local connections are allowed.
Please see https://chromedriver.chromium.org/security-considerations for suggestions on keeping ChromeDriver safe.
ChromeDriver was started successfully.
1621133737756	mozrunner::runner	INFO	Running command: "C:\\Program Files\\Mozilla Firefox\\firefox.exe" "--marionette" "-foreground" "-no-remote" "-profile" "C:\\Users\\salma\\AppData\\Local\\Temp\\rust_mozprofile3fGP7M"
May 16, 2021 4:55:38 AM org.openqa.selenium.remote.ProtocolHandshake createSession
INFO: Detected dialect: W3C
1621133740176	Marionette	INFO	Marionette enabled
console.warn: SearchSettings: "get: No settings file exists, new profile?" (new Error("", "(unknown module)"))
1621133748535	Marionette	INFO	Listening on port 53849
1621133748675	Marionette	WARN	TLS certificate errors will be ignored for this session
May 16, 2021 4:55:48 AM org.openqa.selenium.remote.ProtocolHandshake createSession
INFO: Detected dialect: W3C
JavaScript error: https://26n9kh1905s2j9i8k1dddift-wpengine.netdna-ssl.com/wp-content/themes/levelset/dist/js/lib/magnific-popup.min.js?ver=3.1.1, line 4: TypeError: a is not a function
JavaScript error: https://26n9kh1905s2j9i8k1dddift-wpengine.netdna-ssl.com/wp-content/themes/levelset/dist/js/lib/owl.carousel.min.js?ver=3.1.1, line 6: TypeError: a is undefined
]]></system-err>
  </testcase>
  <testcase name="createDocumentOption2[20-Day Preliminary Notice](1)" classname="Day1.DocumentCreateTest" time="10.517"/>
  <testcase name="createDocumentOption2[Notice of Intent to Lien](2)" classname="Day1.DocumentCreateTest" time="16.067">
    <system-out><![CDATA[Expected condition failed: waiting for element to be clickable: By.xpath: //a[text()='Create a Document '] (tried for 15 second(s) with 500 milliseconds interval)
Expected condition failed: waiting for element to be clickable: By.xpath: //a[text()='Create a Document '] (tried for 15 second(s) with 500 milliseconds interval)
]]></system-out>
  </testcase>
  <testcase name="createDocumentOption2[Notice of Intent to Lien](2)" classname="Day1.DocumentCreateTest" time="0"/>
  <testcase name="createDocumentOption2[Lien Waiver](3)" classname="Day1.DocumentCreateTest" time="18.52">
    <system-out><![CDATA[Expected condition failed: waiting for element to be clickable: By.xpath: //a[text()='Create a Document '] (tried for 15 second(s) with 500 milliseconds interval)
Expected condition failed: waiting for element to be clickable: By.xpath: //a[text()='Create a Document '] (tried for 15 second(s) with 500 milliseconds interval)
]]></system-out>
  </testcase>
  <testcase name="createDocumentOption2[Lien Waiver](3)" classname="Day1.DocumentCreateTest" time="18.52"/>
  <testcase name="tearDown" classname="Day1.DocumentCreateTest" time="55.628">
    <failure message="Tried to run command without establishing a connection&#10;Build info: version: &apos;3.141.59&apos;, revision: &apos;e82be7d358&apos;, time: &apos;2018-11-14T08:17:03&apos;&#10;System info: host: &apos;DESKTOP-P3IQV8A&apos;, ip: &apos;192.168.1.4&apos;, os.name: &apos;Windows 10&apos;, os.arch: &apos;amd64&apos;, os.version: &apos;10.0&apos;, java.version: &apos;1.8.0_271&apos;&#10;Driver info: org.openqa.selenium.firefox.FirefoxDriver&#10;Capabilities {acceptInsecureCerts: true, browserName: firefox, browserVersion: 88.0.1, javascriptEnabled: true, moz:accessibilityChecks: false, moz:buildID: 20210504152106, moz:geckodriverVersion: 0.29.0, moz:headless: false, moz:processID: 8632, moz:profile: C:\Users\salma\AppData\Loca..., moz:shutdownTimeout: 60000, moz:useNonSpecCompliantPointerOrigin: false, moz:webdriverClick: true, pageLoadStrategy: normal, platform: WINDOWS, platformName: WINDOWS, platformVersion: 10.0, rotatable: false, setWindowRect: true, strictFileInteractability: false, timeouts: {implicit: 0, pageLoad: 300000, script: 30000}, unhandledPromptBehavior: dismiss and notify}" type="org.openqa.selenium.NoSuchSessionException"><![CDATA[org.openqa.selenium.NoSuchSessionException: 
Tried to run command without establishing a connection
Build info: version: '3.141.59', revision: 'e82be7d358', time: '2018-11-14T08:17:03'
System info: host: 'DESKTOP-P3IQV8A', ip: '192.168.1.4', os.name: 'Windows 10', os.arch: 'amd64', os.version: '10.0', java.version: '1.8.0_271'
Driver info: org.openqa.selenium.firefox.FirefoxDriver
Capabilities {acceptInsecureCerts: true, browserName: firefox, browserVersion: 88.0.1, javascriptEnabled: true, moz:accessibilityChecks: false, moz:buildID: 20210504152106, moz:geckodriverVersion: 0.29.0, moz:headless: false, moz:processID: 8632, moz:profile: C:\Users\salma\AppData\Loca..., moz:shutdownTimeout: 60000, moz:useNonSpecCompliantPointerOrigin: false, moz:webdriverClick: true, pageLoadStrategy: normal, platform: WINDOWS, platformName: WINDOWS, platformVersion: 10.0, rotatable: false, setWindowRect: true, strictFileInteractability: false, timeouts: {implicit: 0, pageLoad: 300000, script: 30000}, unhandledPromptBehavior: dismiss and notify}
]]></failure>
    <system-err><![CDATA[1621133802627	Marionette	INFO	Stopped listening on port 53849

###!!! [Child][RunMessage] Error: Channel closing: too late to send/recv, messages will be lost


###!!! [Child][MessageChannel] Error: (msgtype=0x3A0141,name=PContent::Msg_ScriptError) Channel closing: too late to send/recv, messages will be lost


###!!! [Child][MessageChannel] Error: (msgtype=0xB30006,name=PWebSocket::Msg_DeleteSelf) Channel closing: too late to send/recv, messages will be lost

WARNING: At least one completion condition is taking too long to complete. Conditions: [{"name":"CrashMonitor: Writing notifications to file after receiving profile-before-change","state":"(none)","filename":"resource://gre/modules/CrashMonitor.jsm","lineNumber":176,"stack":["resource://gre/modules/CrashMonitor.jsm:init:176","resource://gre/modules/nsCrashMonitor.jsm:observe:19"]}] Barrier: OS.File: Waiting for clients before profileBeforeChange
WARNING: At least one completion condition is taking too long to complete. Conditions: [{"name":"OS.File: flush I/O queued before profileBeforeChange","state":{"launched":true,"shutdown":false,"worker":true,"pendingReset":false,"latestSent":["Sun May 16 2021 04:56:52 GMT+0200 (Eastern European Standard Time)","makeDir"],"latestReceived":["Sun May 16 2021 04:56:52 GMT+0200 (Eastern European Standard Time)",null],"messagesSent":59,"messagesReceived":59,"messagesQueued":60,"DEBUG":false,"clients":[{"name":"CrashMonitor: Writing notifications to file after receiving profile-before-change","state":"(none)","filename":"resource://gre/modules/CrashMonitor.jsm","lineNumber":176,"stack":["resource://gre/modules/CrashMonitor.jsm:init:176","resource://gre/modules/nsCrashMonitor.jsm:observe:19"]}]},"filename":"resource://gre/modules/osfile/osfile_async_front.jsm","lineNumber":1658,"stack":["resource://gre/modules/osfile/osfile_async_front.jsm:setupShutdown:1658","resource://gre/modules/osfile/osfile_async_front.jsm:null:1678","resource://gre/modules/osfile.jsm:null:11","resource://gre/modules/UpdateUtils.jsm:null:18","resource://gre/modules/GMPUtils.jsm:null:19","resource://gre/modules/addons/GMPProvider.jsm:null:19","resource://gre/modules/AddonManager.jsm:startup:789","resource://gre/modules/AddonManager.jsm:startup:3525","resource://gre/modules/addonManager.js:observe:87"]},{"name":"Places Connection shutdown","state":{"PlacesShutdownProgress":5},"filename":"/builds/worker/checkouts/gecko/toolkit/components/places/Database.cpp","lineNumber":467,"stack":["resource://gre/modules/nsAsyncShutdown.jsm:addBlocker:162","resource://gre/modules/XPCOMUtils.jsm:XPCU_serviceLambda:144","resource://gre/modules/XPCOMUtils.jsm:get:58","resource:///modules/BrowserGlue.jsm:BG__onFirstWindowLoaded:1739","resource:///modules/BrowserGlue.jsm:BG_observe:1014","chrome://browser/content/browser.js:_delayedStartup:2203"]}] Barrier: profile-before-change
console.error: (new Error("SessionFile is closed", "resource:///modules/sessionstore/SessionFile.jsm", 433))
*** UTM:SVC TimerManager:registerTimer called after profile-before-change notification. Ignoring timer registration for id: telemetry_modules_ping
*** UTM:SVC TimerManager:registerTimer called after profile-before-change notification. Ignoring timer registration for id: telemetry_untrustedmodules_ping

###!!! [Child][RunMessage] Error: Channel closing: too late to send/recv, messages will be lost

]]></system-err>
  </testcase>
</testsuite>